<?xml version="1.0" encoding="UTF-8"?>
<!-- Generated by org.testng.reporters.JUnitReportReporter -->
<testsuite hostname="DESKTOP-FSSU6F0" failures="0" tests="2" name="Andromeda.RestApiTest" time="0.026" errors="0" timestamp="11 Nov 2018 06:31:43 GMT" skipped="0">
  <testcase classname="Andromeda.RestApiTest" name="DeleteCookies" time="0.023"/>
  <testcase classname="Andromeda.RestApiTest" name="TrackCookies" time="0.003"/>
</testsuite> <!-- Andromeda.RestApiTest -->
