<?xml version="1.0" encoding="UTF-8"?>
<!-- Generated by org.testng.reporters.JUnitReportReporter -->
<testsuite hostname="DESKTOP-FSSU6F0" failures="0" tests="2" name="Andromeda.SeleniumTest" time="0.004" errors="0" timestamp="11 Nov 2018 06:31:43 GMT" skipped="0">
  <testcase classname="Andromeda.SeleniumTest" name="OpenBrowser" time="0.002"/>
  <testcase classname="Andromeda.SeleniumTest" name="CloseBrowser" time="0.002"/>
</testsuite> <!-- Andromeda.SeleniumTest -->
